<?xml version="1.0" encoding="UTF-8"?>
<coverage generated="1783865857393" clover="3.2.0">
  <project timestamp="1783865857393" name="All files">
    <metrics statements="75" coveredstatements="55" conditionals="38" coveredconditionals="26" methods="24" coveredmethods="17" elements="137" coveredelements="98" complexity="0" loc="75" ncloc="75" packages="5" files="7" classes="7"/>
    <package name="assets">
      <metrics statements="0" coveredstatements="0" conditionals="0" coveredconditionals="0" methods="0" coveredmethods="0"/>
      <file name="student.png" path="C:\Users\praja\Desktop\LMS\src\assets\student.png">
        <metrics statements="0" coveredstatements="0" conditionals="0" coveredconditionals="0" methods="0" coveredmethods="0"/>
      </file>
    </package>
    <package name="components">
      <metrics statements="35" coveredstatements="31" conditionals="22" coveredconditionals="20" methods="16" coveredmethods="12"/>
      <file name="Navbar.tsx" path="C:\Users\praja\Desktop\LMS\src\components\Navbar.tsx">
        <metrics statements="35" coveredstatements="31" conditionals="22" coveredconditionals="20" methods="16" coveredmethods="12"/>
        <line num="10" count="1" type="stmt"/>
        <line num="19" count="18" type="stmt"/>
        <line num="20" count="18" type="stmt"/>
        <line num="21" count="18" type="stmt"/>
        <line num="22" count="18" type="stmt"/>
        <line num="23" count="18" type="stmt"/>
        <line num="24" count="18" type="stmt"/>
        <line num="26" count="18" type="stmt"/>
        <line num="28" count="18" type="stmt"/>
        <line num="29" count="10" type="stmt"/>
        <line num="30" count="0" type="stmt"/>
        <line num="33" count="10" type="stmt"/>
        <line num="35" count="10" type="stmt"/>
        <line num="36" count="10" type="stmt"/>
        <line num="39" count="18" type="stmt"/>
        <line num="40" count="10" type="stmt"/>
        <line num="43" count="18" type="stmt"/>
        <line num="44" count="10" type="stmt"/>
        <line num="47" count="4" type="cond" truecount="2" falsecount="0"/>
        <line num="53" count="1" type="stmt"/>
        <line num="57" count="10" type="stmt"/>
        <line num="62" count="10" type="stmt"/>
        <line num="63" count="10" type="stmt"/>
        <line num="68" count="18" type="stmt"/>
        <line num="104" count="72" type="stmt"/>
        <line num="162" count="2" type="stmt"/>
        <line num="204" count="0" type="stmt"/>
        <line num="266" count="1" type="stmt"/>
        <line num="267" count="1" type="stmt"/>
        <line num="268" count="1" type="stmt"/>
        <line num="269" count="1" type="stmt"/>
        <line num="304" count="1" type="stmt"/>
        <line num="325" count="0" type="stmt"/>
        <line num="345" count="0" type="stmt"/>
        <line num="353" count="8" type="stmt"/>
      </file>
    </package>
    <package name="context">
      <metrics statements="2" coveredstatements="2" conditionals="0" coveredconditionals="0" methods="2" coveredmethods="0"/>
      <file name="counterContext.tsx" path="C:\Users\praja\Desktop\LMS\src\context\counterContext.tsx">
        <metrics statements="2" coveredstatements="2" conditionals="0" coveredconditionals="0" methods="2" coveredmethods="0"/>
        <line num="9" count="1" type="stmt"/>
        <line num="15" count="1" type="stmt"/>
      </file>
    </package>
    <package name="pages">
      <metrics statements="31" coveredstatements="15" conditionals="16" coveredconditionals="6" methods="4" coveredmethods="3"/>
      <file name="Signin.tsx" path="C:\Users\praja\Desktop\LMS\src\pages\Signin.tsx">
        <metrics statements="31" coveredstatements="15" conditionals="16" coveredconditionals="6" methods="4" coveredmethods="3"/>
        <line num="16" count="29" type="stmt"/>
        <line num="17" count="29" type="stmt"/>
        <line num="18" count="29" type="stmt"/>
        <line num="19" count="29" type="stmt"/>
        <line num="20" count="29" type="stmt"/>
        <line num="26" count="29" type="stmt"/>
        <line num="29" count="26" type="stmt"/>
        <line num="35" count="29" type="stmt"/>
        <line num="38" count="1" type="stmt"/>
        <line num="40" count="1" type="stmt"/>
        <line num="41" count="1" type="stmt"/>
        <line num="43" count="1" type="stmt"/>
        <line num="53" count="1" type="stmt"/>
        <line num="54" count="1" type="stmt"/>
        <line num="57" count="0" type="stmt"/>
        <line num="58" count="0" type="cond" truecount="0" falsecount="2"/>
        <line num="59" count="0" type="stmt"/>
        <line num="61" count="0" type="cond" truecount="0" falsecount="2"/>
        <line num="62" count="0" type="stmt"/>
        <line num="63" count="0" type="stmt"/>
        <line num="66" count="0" type="cond" truecount="0" falsecount="2"/>
        <line num="67" count="0" type="cond" truecount="0" falsecount="2"/>
        <line num="68" count="0" type="stmt"/>
        <line num="71" count="0" type="stmt"/>
        <line num="72" count="0" type="stmt"/>
        <line num="75" count="0" type="stmt"/>
        <line num="80" count="0" type="stmt"/>
        <line num="86" count="0" type="stmt"/>
        <line num="88" count="0" type="stmt"/>
        <line num="92" count="29" type="stmt"/>
        <line num="231" count="0" type="stmt"/>
      </file>
    </package>
    <package name="utils">
      <metrics statements="7" coveredstatements="7" conditionals="0" coveredconditionals="0" methods="2" coveredmethods="2"/>
      <file name="Dotenv.ts" path="C:\Users\praja\Desktop\LMS\src\utils\Dotenv.ts">
        <metrics statements="2" coveredstatements="2" conditionals="0" coveredconditionals="0" methods="0" coveredmethods="0"/>
        <line num="1" count="2" type="stmt"/>
        <line num="2" count="2" type="stmt"/>
      </file>
      <file name="Just.ts" path="C:\Users\praja\Desktop\LMS\src\utils\Just.ts">
        <metrics statements="2" coveredstatements="2" conditionals="0" coveredconditionals="0" methods="2" coveredmethods="2"/>
        <line num="2" count="1" type="stmt"/>
        <line num="5" count="1" type="stmt"/>
      </file>
      <file name="supabase.ts" path="C:\Users\praja\Desktop\LMS\src\utils\supabase.ts">
        <metrics statements="3" coveredstatements="3" conditionals="0" coveredconditionals="0" methods="0" coveredmethods="0"/>
        <line num="3" count="1" type="stmt"/>
        <line num="4" count="1" type="stmt"/>
        <line num="6" count="1" type="stmt"/>
      </file>
    </package>
  </project>
</coverage>
