<?xml version="1.0" encoding="UTF-8"?>
<coverage generated="1783830115453" clover="3.2.0">
  <project timestamp="1783830115453" name="All files">
    <metrics statements="37" coveredstatements="16" conditionals="16" coveredconditionals="5" methods="6" coveredmethods="4" elements="59" coveredelements="25" complexity="0" loc="37" ncloc="37" packages="2" files="4" classes="4"/>
    <package name="pages">
      <metrics statements="30" coveredstatements="9" conditionals="16" coveredconditionals="5" methods="4" coveredmethods="2"/>
      <file name="Signin.tsx" path="C:\Users\praja\Desktop\LMS\src\pages\Signin.tsx">
        <metrics statements="30" coveredstatements="9" conditionals="16" coveredconditionals="5" methods="4" coveredmethods="2"/>
        <line num="16" count="18" type="stmt"/>
        <line num="17" count="18" type="stmt"/>
        <line num="18" count="18" type="stmt"/>
        <line num="19" count="18" type="stmt"/>
        <line num="20" count="18" type="stmt"/>
        <line num="26" count="18" type="stmt"/>
        <line num="29" count="16" type="stmt"/>
        <line num="35" count="18" type="stmt"/>
        <line num="38" count="0" type="stmt"/>
        <line num="40" count="0" type="stmt"/>
        <line num="42" count="0" type="stmt"/>
        <line num="52" count="0" type="stmt"/>
        <line num="53" count="0" type="stmt"/>
        <line num="56" count="0" type="stmt"/>
        <line num="57" count="0" type="cond" truecount="0" falsecount="2"/>
        <line num="58" count="0" type="stmt"/>
        <line num="60" count="0" type="cond" truecount="0" falsecount="2"/>
        <line num="61" count="0" type="stmt"/>
        <line num="62" count="0" type="stmt"/>
        <line num="65" count="0" type="cond" truecount="0" falsecount="2"/>
        <line num="66" count="0" type="cond" truecount="0" falsecount="2"/>
        <line num="67" count="0" type="stmt"/>
        <line num="70" count="0" type="stmt"/>
        <line num="71" count="0" type="stmt"/>
        <line num="74" count="0" type="stmt"/>
        <line num="79" count="0" type="stmt"/>
        <line num="85" count="0" type="stmt"/>
        <line num="87" count="0" type="stmt"/>
        <line num="91" count="18" type="stmt"/>
        <line num="226" count="0" type="stmt"/>
      </file>
    </package>
    <package name="utils">
      <metrics statements="7" coveredstatements="7" conditionals="0" coveredconditionals="0" methods="2" coveredmethods="2"/>
      <file name="Dotenv.ts" path="C:\Users\praja\Desktop\LMS\src\utils\Dotenv.ts">
        <metrics statements="2" coveredstatements="2" conditionals="0" coveredconditionals="0" methods="0" coveredmethods="0"/>
        <line num="1" count="1" type="stmt"/>
        <line num="2" count="1" type="stmt"/>
      </file>
      <file name="Just.ts" path="C:\Users\praja\Desktop\LMS\src\utils\Just.ts">
        <metrics statements="2" coveredstatements="2" conditionals="0" coveredconditionals="0" methods="2" coveredmethods="2"/>
        <line num="2" count="1" type="stmt"/>
        <line num="5" count="1" type="stmt"/>
      </file>
      <file name="supabase.ts" path="C:\Users\praja\Desktop\LMS\src\utils\supabase.ts">
        <metrics statements="3" coveredstatements="3" conditionals="0" coveredconditionals="0" methods="0" coveredmethods="0"/>
        <line num="3" count="1" type="stmt"/>
        <line num="4" count="1" type="stmt"/>
        <line num="6" count="1" type="stmt"/>
      </file>
    </package>
  </project>
</coverage>
