{"C:\\Users\\praja\\Desktop\\LMS\\src\\assets\\student.png": {"path":"C:\\Users\\praja\\Desktop\\LMS\\src\\assets\\student.png","statementMap":{},"fnMap":{},"branchMap":{},"s":{},"f":{},"b":{},"meta":{"lastBranch":0,"lastFunction":0,"lastStatement":0,"seen":{},"fnNames":{}}}
,"C:\\Users\\praja\\Desktop\\LMS\\src\\components\\Navbar.tsx": {"path":"C:\\Users\\praja\\Desktop\\LMS\\src\\components\\Navbar.tsx","statementMap":{"0":{"start":{"line":10,"column":14},"end":{"line":16,"column":null}},"1":{"start":{"line":19,"column":10},"end":{"line":19,"column":null}},"2":{"start":{"line":20,"column":12},"end":{"line":20,"column":null}},"3":{"start":{"line":21,"column":15},"end":{"line":21,"column":null}},"4":{"start":{"line":22,"column":19},"end":{"line":22,"column":null}},"5":{"start":{"line":23,"column":22},"end":{"line":23,"column":null}},"6":{"start":{"line":24,"column":8},"end":{"line":24,"column":null}},"7":{"start":{"line":26,"column":6},"end":{"line":26,"column":null}},"8":{"start":{"line":28,"column":2},"end":{"line":37,"column":null}},"9":{"start":{"line":29,"column":10},"end":{"line":31,"column":null}},"10":{"start":{"line":30,"column":6},"end":{"line":30,"column":null}},"11":{"start":{"line":33,"column":4},"end":{"line":33,"column":null}},"12":{"start":{"line":35,"column":4},"end":{"line":36,"column":null}},"13":{"start":{"line":36,"column":6},"end":{"line":36,"column":null}},"14":{"start":{"line":39,"column":2},"end":{"line":41,"column":null}},"15":{"start":{"line":40,"column":4},"end":{"line":40,"column":null}},"16":{"start":{"line":43,"column":2},"end":{"line":67,"column":null}},"17":{"start":{"line":44,"column":8},"end":{"line":55,"column":null}},"18":{"start":{"line":47,"column":4},"end":{"line":54,"column":null}},"19":{"start":{"line":53,"column":6},"end":{"line":53,"column":null}},"20":{"start":{"line":57,"column":2},"end":{"line":60,"column":null}},"21":{"start":{"line":62,"column":2},"end":{"line":66,"column":null}},"22":{"start":{"line":63,"column":4},"end":{"line":66,"column":null}},"23":{"start":{"line":68,"column":2},"end":{"line":398,"column":null}},"24":{"start":{"line":104,"column":14},"end":{"line":118,"column":null}},"25":{"start":{"line":162,"column":8},"end":{"line":162,"column":null}},"26":{"start":{"line":204,"column":16},"end":{"line":204,"column":null}},"27":{"start":{"line":266,"column":11},"end":{"line":266,"column":null}},"28":{"start":{"line":267,"column":11},"end":{"line":267,"column":null}},"29":{"start":{"line":268,"column":11},"end":{"line":268,"column":null}},"30":{"start":{"line":269,"column":11},"end":{"line":269,"column":null}},"31":{"start":{"line":304,"column":27},"end":{"line":304,"column":null}},"32":{"start":{"line":325,"column":29},"end":{"line":325,"column":null}},"33":{"start":{"line":345,"column":33},"end":{"line":345,"column":null}},"34":{"start":{"line":353,"column":18},"end":{"line":377,"column":null}}},"fnMap":{"0":{"name":"Navbar","decl":{"start":{"line":18,"column":24},"end":{"line":18,"column":33}},"loc":{"start":{"line":18,"column":33},"end":{"line":400,"column":null}},"line":18},"1":{"name":"(anonymous_1)","decl":{"start":{"line":28,"column":2},"end":{"line":28,"column":18}},"loc":{"start":{"line":28,"column":18},"end":{"line":37,"column":5}},"line":28},"2":{"name":"(anonymous_2)","decl":{"start":{"line":29,"column":10},"end":{"line":29,"column":31}},"loc":{"start":{"line":29,"column":31},"end":{"line":31,"column":null}},"line":29},"3":{"name":"(anonymous_3)","decl":{"start":{"line":35,"column":4},"end":{"line":35,"column":null}},"loc":{"start":{"line":36,"column":6},"end":{"line":36,"column":null}},"line":36},"4":{"name":"(anonymous_4)","decl":{"start":{"line":39,"column":2},"end":{"line":39,"column":18}},"loc":{"start":{"line":39,"column":18},"end":{"line":41,"column":5}},"line":39},"5":{"name":"(anonymous_5)","decl":{"start":{"line":43,"column":2},"end":{"line":43,"column":18}},"loc":{"start":{"line":43,"column":18},"end":{"line":67,"column":3}},"line":43},"6":{"name":"(anonymous_6)","decl":{"start":{"line":44,"column":8},"end":{"line":44,"column":null}},"loc":{"start":{"line":46,"column":7},"end":{"line":55,"column":null}},"line":46},"7":{"name":"(anonymous_7)","decl":{"start":{"line":62,"column":2},"end":{"line":62,"column":null}},"loc":{"start":{"line":63,"column":4},"end":{"line":66,"column":null}},"line":63},"8":{"name":"(anonymous_8)","decl":{"start":{"line":103,"column":19},"end":{"line":103,"column":24}},"loc":{"start":{"line":104,"column":14},"end":{"line":118,"column":null}},"line":104},"9":{"name":"(anonymous_9)","decl":{"start":{"line":161,"column":6},"end":{"line":161,"column":null}},"loc":{"start":{"line":162,"column":8},"end":{"line":162,"column":null}},"line":162},"10":{"name":"(anonymous_10)","decl":{"start":{"line":203,"column":14},"end":{"line":203,"column":null}},"loc":{"start":{"line":204,"column":16},"end":{"line":204,"column":null}},"line":204},"11":{"name":"(anonymous_11)","decl":{"start":{"line":265,"column":12},"end":{"line":265,"column":25}},"loc":{"start":{"line":265,"column":25},"end":{"line":272,"column":null}},"line":265},"12":{"name":"(anonymous_12)","decl":{"start":{"line":304,"column":12},"end":{"line":304,"column":27}},"loc":{"start":{"line":304,"column":27},"end":{"line":304,"column":null}},"line":304},"13":{"name":"(anonymous_13)","decl":{"start":{"line":325,"column":14},"end":{"line":325,"column":29}},"loc":{"start":{"line":325,"column":29},"end":{"line":325,"column":null}},"line":325},"14":{"name":"(anonymous_14)","decl":{"start":{"line":345,"column":18},"end":{"line":345,"column":33}},"loc":{"start":{"line":345,"column":33},"end":{"line":345,"column":null}},"line":345},"15":{"name":"(anonymous_15)","decl":{"start":{"line":352,"column":23},"end":{"line":352,"column":28}},"loc":{"start":{"line":353,"column":18},"end":{"line":377,"column":null}},"line":353}},"branchMap":{"0":{"loc":{"start":{"line":47,"column":4},"end":{"line":54,"column":null}},"type":"if","locations":[{"start":{"line":47,"column":4},"end":{"line":54,"column":null}},{"start":{},"end":{}}],"line":47},"1":{"loc":{"start":{"line":48,"column":6},"end":{"line":51,"column":null}},"type":"binary-expr","locations":[{"start":{"line":48,"column":6},"end":{"line":48,"column":null}},{"start":{"line":49,"column":6},"end":{"line":51,"column":null}}],"line":48},"2":{"loc":{"start":{"line":75,"column":10},"end":{"line":77,"column":null}},"type":"cond-expr","locations":[{"start":{"line":76,"column":14},"end":{"line":76,"column":null}},{"start":{"line":77,"column":14},"end":{"line":77,"column":null}}],"line":75},"3":{"loc":{"start":{"line":113,"column":20},"end":{"line":115,"column":null}},"type":"cond-expr","locations":[{"start":{"line":114,"column":24},"end":{"line":114,"column":null}},{"start":{"line":115,"column":24},"end":{"line":115,"column":null}}],"line":113},"4":{"loc":{"start":{"line":120,"column":13},"end":{"line":128,"column":null}},"type":"binary-expr","locations":[{"start":{"line":120,"column":13},"end":{"line":120,"column":28}},{"start":{"line":120,"column":28},"end":{"line":128,"column":null}}],"line":120},"5":{"loc":{"start":{"line":159,"column":5},"end":{"line":175,"column":5}},"type":"binary-expr","locations":[{"start":{"line":159,"column":5},"end":{"line":159,"column":38}},{"start":{"line":159,"column":38},"end":{"line":175,"column":5}}],"line":159},"6":{"loc":{"start":{"line":176,"column":7},"end":{"line":284,"column":null}},"type":"binary-expr","locations":[{"start":{"line":176,"column":7},"end":{"line":176,"column":null}},{"start":{"line":177,"column":8},"end":{"line":284,"column":null}}],"line":176},"7":{"loc":{"start":{"line":307,"column":13},"end":{"line":310,"column":null}},"type":"cond-expr","locations":[{"start":{"line":308,"column":14},"end":{"line":310,"column":15}},{"start":{"line":310,"column":14},"end":{"line":310,"column":null}}],"line":307},"8":{"loc":{"start":{"line":319,"column":9},"end":{"line":393,"column":null}},"type":"binary-expr","locations":[{"start":{"line":319,"column":9},"end":{"line":319,"column":null}},{"start":{"line":320,"column":10},"end":{"line":393,"column":null}}],"line":319},"9":{"loc":{"start":{"line":370,"column":24},"end":{"line":372,"column":null}},"type":"cond-expr","locations":[{"start":{"line":371,"column":28},"end":{"line":371,"column":null}},{"start":{"line":372,"column":28},"end":{"line":372,"column":null}}],"line":370},"10":{"loc":{"start":{"line":384,"column":22},"end":{"line":384,"column":null}},"type":"cond-expr","locations":[{"start":{"line":384,"column":55},"end":{"line":384,"column":65}},{"start":{"line":384,"column":65},"end":{"line":384,"column":null}}],"line":384}},"s":{"0":1,"1":18,"2":18,"3":18,"4":18,"5":18,"6":18,"7":18,"8":18,"9":10,"10":0,"11":10,"12":10,"13":10,"14":18,"15":10,"16":18,"17":10,"18":4,"19":1,"20":10,"21":10,"22":10,"23":18,"24":72,"25":2,"26":0,"27":1,"28":1,"29":1,"30":1,"31":1,"32":0,"33":0,"34":8},"f":{"0":18,"1":10,"2":0,"3":10,"4":10,"5":10,"6":4,"7":10,"8":72,"9":2,"10":0,"11":1,"12":1,"13":0,"14":0,"15":8},"b":{"0":[1,3],"1":[4,4],"2":[0,18],"3":[18,54],"4":[18,6],"5":[18,8],"6":[18,4],"7":[2,16],"8":[18,2],"9":[2,6],"10":[2,0]},"meta":{"lastBranch":11,"lastFunction":16,"lastStatement":35,"seen":{"s:10:14:16:Infinity":0,"f:18:24:18:33":0,"s:19:10:19:Infinity":1,"s:20:12:20:Infinity":2,"s:21:15:21:Infinity":3,"s:22:19:22:Infinity":4,"s:23:22:23:Infinity":5,"s:24:8:24:Infinity":6,"s:26:6:26:Infinity":7,"s:28:2:37:Infinity":8,"f:28:2:28:18":1,"s:29:10:31:Infinity":9,"f:29:10:29:31":2,"s:30:6:30:Infinity":10,"s:33:4:33:Infinity":11,"s:35:4:36:Infinity":12,"f:35:4:35:Infinity":3,"s:36:6:36:Infinity":13,"s:39:2:41:Infinity":14,"f:39:2:39:18":4,"s:40:4:40:Infinity":15,"s:43:2:67:Infinity":16,"f:43:2:43:18":5,"s:44:8:55:Infinity":17,"f:44:8:44:Infinity":6,"b:47:4:54:Infinity:undefined:undefined:undefined:undefined":0,"s:47:4:54:Infinity":18,"b:48:6:48:Infinity:49:6:51:Infinity":1,"s:53:6:53:Infinity":19,"s:57:2:60:Infinity":20,"s:62:2:66:Infinity":21,"f:62:2:62:Infinity":7,"s:63:4:66:Infinity":22,"s:68:2:398:Infinity":23,"b:76:14:76:Infinity:77:14:77:Infinity":2,"f:103:19:103:24":8,"s:104:14:118:Infinity":24,"b:114:24:114:Infinity:115:24:115:Infinity":3,"b:120:13:120:28:120:28:128:Infinity":4,"b:159:5:159:38:159:38:175:5":5,"f:161:6:161:Infinity":9,"s:162:8:162:Infinity":25,"b:176:7:176:Infinity:177:8:284:Infinity":6,"f:203:14:203:Infinity":10,"s:204:16:204:Infinity":26,"f:265:12:265:25":11,"s:266:11:266:Infinity":27,"s:267:11:267:Infinity":28,"s:268:11:268:Infinity":29,"s:269:11:269:Infinity":30,"f:304:12:304:27":12,"s:304:27:304:Infinity":31,"b:308:14:310:15:310:14:310:Infinity":7,"b:319:9:319:Infinity:320:10:393:Infinity":8,"f:325:14:325:29":13,"s:325:29:325:Infinity":32,"f:345:18:345:33":14,"s:345:33:345:Infinity":33,"f:352:23:352:28":15,"s:353:18:377:Infinity":34,"b:371:28:371:Infinity:372:28:372:Infinity":9,"b:384:55:384:65:384:65:384:Infinity":10},"fnNames":{}}}
,"C:\\Users\\praja\\Desktop\\LMS\\src\\context\\counterContext.tsx": {"path":"C:\\Users\\praja\\Desktop\\LMS\\src\\context\\counterContext.tsx","statementMap":{"0":{"start":{"line":9,"column":19},"end":{"line":14,"column":null}},"1":{"start":{"line":15,"column":11},"end":{"line":15,"column":null}}},"fnMap":{"0":{"name":"(anonymous_0)","decl":{"start":{"line":11,"column":2},"end":{"line":11,"column":14}},"loc":{"start":{"line":11,"column":14},"end":{"line":11,"column":null}},"line":11},"1":{"name":"(anonymous_1)","decl":{"start":{"line":13,"column":0},"end":{"line":13,"column":19}},"loc":{"start":{"line":13,"column":19},"end":{"line":13,"column":null}},"line":13}},"branchMap":{},"s":{"0":1,"1":1},"f":{"0":0,"1":0},"b":{},"meta":{"lastBranch":0,"lastFunction":2,"lastStatement":2,"seen":{"s:9:19:14:Infinity":0,"f:11:2:11:14":0,"f:13:0:13:19":1,"s:15:11:15:Infinity":1},"fnNames":{}}}
,"C:\\Users\\praja\\Desktop\\LMS\\src\\pages\\Signin.tsx": {"path":"C:\\Users\\praja\\Desktop\\LMS\\src\\pages\\Signin.tsx","statementMap":{"0":{"start":{"line":16,"column":23},"end":{"line":16,"column":null}},"1":{"start":{"line":17,"column":7},"end":{"line":17,"column":null}},"2":{"start":{"line":18,"column":18},"end":{"line":18,"column":null}},"3":{"start":{"line":19,"column":6},"end":{"line":19,"column":null}},"4":{"start":{"line":20,"column":15},"end":{"line":24,"column":null}},"5":{"start":{"line":26,"column":8},"end":{"line":33,"column":null}},"6":{"start":{"line":29,"column":4},"end":{"line":32,"column":null}},"7":{"start":{"line":35,"column":23},"end":{"line":90,"column":null}},"8":{"start":{"line":38,"column":4},"end":{"line":38,"column":null}},"9":{"start":{"line":40,"column":0},"end":{"line":40,"column":null}},"10":{"start":{"line":41,"column":4},"end":{"line":41,"column":null}},"11":{"start":{"line":43,"column":4},"end":{"line":89,"column":null}},"12":{"start":{"line":53,"column":6},"end":{"line":53,"column":null}},"13":{"start":{"line":54,"column":44},"end":{"line":55,"column":null}},"14":{"start":{"line":57,"column":2},"end":{"line":57,"column":null}},"15":{"start":{"line":58,"column":2},"end":{"line":79,"column":null}},"16":{"start":{"line":59,"column":4},"end":{"line":59,"column":null}},"17":{"start":{"line":61,"column":7},"end":{"line":79,"column":null}},"18":{"start":{"line":62,"column":4},"end":{"line":62,"column":null}},"19":{"start":{"line":63,"column":4},"end":{"line":63,"column":null}},"20":{"start":{"line":66,"column":4},"end":{"line":78,"column":null}},"21":{"start":{"line":67,"column":0},"end":{"line":76,"column":null}},"22":{"start":{"line":68,"column":2},"end":{"line":68,"column":null}},"23":{"start":{"line":71,"column":8},"end":{"line":71,"column":null}},"24":{"start":{"line":72,"column":8},"end":{"line":72,"column":null}},"25":{"start":{"line":75,"column":8},"end":{"line":75,"column":null}},"26":{"start":{"line":80,"column":2},"end":{"line":80,"column":null}},"27":{"start":{"line":86,"column":6},"end":{"line":86,"column":null}},"28":{"start":{"line":88,"column":6},"end":{"line":88,"column":null}},"29":{"start":{"line":92,"column":2},"end":{"line":285,"column":null}},"30":{"start":{"line":231,"column":24},"end":{"line":233,"column":null}}},"fnMap":{"0":{"name":"Signin","decl":{"start":{"line":15,"column":24},"end":{"line":15,"column":31}},"loc":{"start":{"line":15,"column":71},"end":{"line":287,"column":null}},"line":15},"1":{"name":"(anonymous_1)","decl":{"start":{"line":26,"column":8},"end":{"line":26,"column":null}},"loc":{"start":{"line":28,"column":7},"end":{"line":33,"column":null}},"line":28},"2":{"name":"(anonymous_2)","decl":{"start":{"line":35,"column":23},"end":{"line":35,"column":null}},"loc":{"start":{"line":37,"column":7},"end":{"line":90,"column":null}},"line":37},"3":{"name":"(anonymous_3)","decl":{"start":{"line":230,"column":22},"end":{"line":230,"column":null}},"loc":{"start":{"line":231,"column":24},"end":{"line":233,"column":null}},"line":231}},"branchMap":{"0":{"loc":{"start":{"line":58,"column":2},"end":{"line":79,"column":null}},"type":"if","locations":[{"start":{"line":58,"column":2},"end":{"line":79,"column":null}},{"start":{"line":61,"column":7},"end":{"line":79,"column":null}}],"line":58},"1":{"loc":{"start":{"line":61,"column":7},"end":{"line":79,"column":null}},"type":"if","locations":[{"start":{"line":61,"column":7},"end":{"line":79,"column":null}},{"start":{"line":65,"column":6},"end":{"line":79,"column":null}}],"line":61},"2":{"loc":{"start":{"line":66,"column":4},"end":{"line":78,"column":null}},"type":"if","locations":[{"start":{"line":66,"column":4},"end":{"line":78,"column":null}},{"start":{},"end":{}}],"line":66},"3":{"loc":{"start":{"line":67,"column":0},"end":{"line":76,"column":null}},"type":"if","locations":[{"start":{"line":67,"column":0},"end":{"line":76,"column":null}},{"start":{"line":74,"column":10},"end":{"line":76,"column":null}}],"line":67},"4":{"loc":{"start":{"line":215,"column":24},"end":{"line":217,"column":null}},"type":"cond-expr","locations":[{"start":{"line":216,"column":28},"end":{"line":216,"column":null}},{"start":{"line":217,"column":28},"end":{"line":217,"column":null}}],"line":215},"5":{"loc":{"start":{"line":238,"column":23},"end":{"line":241,"column":null}},"type":"cond-expr","locations":[{"start":{"line":239,"column":24},"end":{"line":241,"column":25}},{"start":{"line":241,"column":24},"end":{"line":241,"column":null}}],"line":238},"6":{"loc":{"start":{"line":260,"column":19},"end":{"line":262,"column":null}},"type":"cond-expr","locations":[{"start":{"line":261,"column":22},"end":{"line":261,"column":null}},{"start":{"line":262,"column":22},"end":{"line":262,"column":null}}],"line":260},"7":{"loc":{"start":{"line":264,"column":19},"end":{"line":268,"column":null}},"type":"binary-expr","locations":[{"start":{"line":264,"column":19},"end":{"line":264,"column":null}},{"start":{"line":265,"column":20},"end":{"line":268,"column":null}}],"line":264}},"s":{"0":29,"1":29,"2":29,"3":29,"4":29,"5":29,"6":26,"7":29,"8":1,"9":1,"10":1,"11":1,"12":1,"13":1,"14":0,"15":0,"16":0,"17":0,"18":0,"19":0,"20":0,"21":0,"22":0,"23":0,"24":0,"25":0,"26":0,"27":0,"28":0,"29":29,"30":0},"f":{"0":29,"1":26,"2":1,"3":0},"b":{"0":[0,0],"1":[0,0],"2":[0,0],"3":[0,0],"4":[0,29],"5":[0,29],"6":[1,28],"7":[29,28]},"meta":{"lastBranch":8,"lastFunction":4,"lastStatement":31,"seen":{"f:15:24:15:31":0,"s:16:23:16:Infinity":0,"s:17:7:17:Infinity":1,"s:18:18:18:Infinity":2,"s:19:6:19:Infinity":3,"s:20:15:24:Infinity":4,"s:26:8:33:Infinity":5,"f:26:8:26:Infinity":1,"s:29:4:32:Infinity":6,"s:35:23:90:Infinity":7,"f:35:23:35:Infinity":2,"s:38:4:38:Infinity":8,"s:40:0:40:Infinity":9,"s:41:4:41:Infinity":10,"s:43:4:89:Infinity":11,"s:53:6:53:Infinity":12,"s:54:44:55:Infinity":13,"s:57:2:57:Infinity":14,"b:58:2:79:Infinity:61:7:79:Infinity":0,"s:58:2:79:Infinity":15,"s:59:4:59:Infinity":16,"b:61:7:79:Infinity:65:6:79:Infinity":1,"s:61:7:79:Infinity":17,"s:62:4:62:Infinity":18,"s:63:4:63:Infinity":19,"b:66:4:78:Infinity:undefined:undefined:undefined:undefined":2,"s:66:4:78:Infinity":20,"b:67:0:76:Infinity:74:10:76:Infinity":3,"s:67:0:76:Infinity":21,"s:68:2:68:Infinity":22,"s:71:8:71:Infinity":23,"s:72:8:72:Infinity":24,"s:75:8:75:Infinity":25,"s:80:2:80:Infinity":26,"s:86:6:86:Infinity":27,"s:88:6:88:Infinity":28,"s:92:2:285:Infinity":29,"b:216:28:216:Infinity:217:28:217:Infinity":4,"f:230:22:230:Infinity":3,"s:231:24:233:Infinity":30,"b:239:24:241:25:241:24:241:Infinity":5,"b:261:22:261:Infinity:262:22:262:Infinity":6,"b:264:19:264:Infinity:265:20:268:Infinity":7},"fnNames":{}}}
,"C:\\Users\\praja\\Desktop\\LMS\\src\\utils\\Dotenv.ts": {"path":"C:\\Users\\praja\\Desktop\\LMS\\src\\utils\\Dotenv.ts","statementMap":{"0":{"start":{"line":1,"column":23},"end":{"line":1,"column":null}},"1":{"start":{"line":2,"column":25},"end":{"line":2,"column":null}}},"fnMap":{},"branchMap":{},"s":{"0":2,"1":2},"f":{},"b":{},"meta":{"lastBranch":0,"lastFunction":0,"lastStatement":2,"seen":{"s:1:23:1:Infinity":0,"s:2:25:2:Infinity":1},"fnNames":{}}}
,"C:\\Users\\praja\\Desktop\\LMS\\src\\utils\\Just.ts": {"path":"C:\\Users\\praja\\Desktop\\LMS\\src\\utils\\Just.ts","statementMap":{"0":{"start":{"line":2,"column":2},"end":{"line":2,"column":null}},"1":{"start":{"line":5,"column":2},"end":{"line":5,"column":null}}},"fnMap":{"0":{"name":"Ravi","decl":{"start":{"line":1,"column":16},"end":{"line":1,"column":21}},"loc":{"start":{"line":1,"column":32},"end":{"line":3,"column":null}},"line":1},"1":{"name":"Ravi1","decl":{"start":{"line":4,"column":16},"end":{"line":4,"column":22}},"loc":{"start":{"line":4,"column":33},"end":{"line":6,"column":null}},"line":4}},"branchMap":{},"s":{"0":1,"1":1},"f":{"0":1,"1":1},"b":{},"meta":{"lastBranch":0,"lastFunction":2,"lastStatement":2,"seen":{"f:1:16:1:21":0,"s:2:2:2:Infinity":0,"f:4:16:4:22":1,"s:5:2:5:Infinity":1},"fnNames":{}}}
,"C:\\Users\\praja\\Desktop\\LMS\\src\\utils\\supabase.ts": {"path":"C:\\Users\\praja\\Desktop\\LMS\\src\\utils\\supabase.ts","statementMap":{"0":{"start":{"line":3,"column":20},"end":{"line":3,"column":null}},"1":{"start":{"line":4,"column":20},"end":{"line":4,"column":null}},"2":{"start":{"line":6,"column":13},"end":{"line":6,"column":null}}},"fnMap":{},"branchMap":{},"s":{"0":1,"1":1,"2":1},"f":{},"b":{},"meta":{"lastBranch":0,"lastFunction":0,"lastStatement":3,"seen":{"s:3:20:3:Infinity":0,"s:4:20:4:Infinity":1,"s:6:13:6:Infinity":2},"fnNames":{}}}
}
