{"C:\\Users\\praja\\Desktop\\LMS\\src\\pages\\Signin.tsx": {"path":"C:\\Users\\praja\\Desktop\\LMS\\src\\pages\\Signin.tsx","statementMap":{"0":{"start":{"line":16,"column":23},"end":{"line":16,"column":null}},"1":{"start":{"line":17,"column":7},"end":{"line":17,"column":null}},"2":{"start":{"line":18,"column":18},"end":{"line":18,"column":null}},"3":{"start":{"line":19,"column":6},"end":{"line":19,"column":null}},"4":{"start":{"line":20,"column":15},"end":{"line":24,"column":null}},"5":{"start":{"line":26,"column":8},"end":{"line":33,"column":null}},"6":{"start":{"line":29,"column":4},"end":{"line":32,"column":null}},"7":{"start":{"line":35,"column":23},"end":{"line":89,"column":null}},"8":{"start":{"line":38,"column":4},"end":{"line":38,"column":null}},"9":{"start":{"line":40,"column":4},"end":{"line":40,"column":null}},"10":{"start":{"line":42,"column":4},"end":{"line":88,"column":null}},"11":{"start":{"line":52,"column":6},"end":{"line":52,"column":null}},"12":{"start":{"line":53,"column":44},"end":{"line":54,"column":null}},"13":{"start":{"line":56,"column":2},"end":{"line":56,"column":null}},"14":{"start":{"line":57,"column":2},"end":{"line":78,"column":null}},"15":{"start":{"line":58,"column":4},"end":{"line":58,"column":null}},"16":{"start":{"line":60,"column":7},"end":{"line":78,"column":null}},"17":{"start":{"line":61,"column":4},"end":{"line":61,"column":null}},"18":{"start":{"line":62,"column":4},"end":{"line":62,"column":null}},"19":{"start":{"line":65,"column":4},"end":{"line":77,"column":null}},"20":{"start":{"line":66,"column":0},"end":{"line":75,"column":null}},"21":{"start":{"line":67,"column":2},"end":{"line":67,"column":null}},"22":{"start":{"line":70,"column":8},"end":{"line":70,"column":null}},"23":{"start":{"line":71,"column":8},"end":{"line":71,"column":null}},"24":{"start":{"line":74,"column":8},"end":{"line":74,"column":null}},"25":{"start":{"line":79,"column":2},"end":{"line":79,"column":null}},"26":{"start":{"line":85,"column":6},"end":{"line":85,"column":null}},"27":{"start":{"line":87,"column":6},"end":{"line":87,"column":null}},"28":{"start":{"line":91,"column":2},"end":{"line":277,"column":null}},"29":{"start":{"line":226,"column":24},"end":{"line":228,"column":null}}},"fnMap":{"0":{"name":"Signin","decl":{"start":{"line":15,"column":24},"end":{"line":15,"column":33}},"loc":{"start":{"line":15,"column":33},"end":{"line":279,"column":null}},"line":15},"1":{"name":"(anonymous_1)","decl":{"start":{"line":26,"column":8},"end":{"line":26,"column":null}},"loc":{"start":{"line":28,"column":7},"end":{"line":33,"column":null}},"line":28},"2":{"name":"(anonymous_2)","decl":{"start":{"line":35,"column":23},"end":{"line":35,"column":null}},"loc":{"start":{"line":37,"column":7},"end":{"line":89,"column":null}},"line":37},"3":{"name":"(anonymous_3)","decl":{"start":{"line":225,"column":22},"end":{"line":225,"column":null}},"loc":{"start":{"line":226,"column":24},"end":{"line":228,"column":null}},"line":226}},"branchMap":{"0":{"loc":{"start":{"line":57,"column":2},"end":{"line":78,"column":null}},"type":"if","locations":[{"start":{"line":57,"column":2},"end":{"line":78,"column":null}},{"start":{"line":60,"column":7},"end":{"line":78,"column":null}}],"line":57},"1":{"loc":{"start":{"line":60,"column":7},"end":{"line":78,"column":null}},"type":"if","locations":[{"start":{"line":60,"column":7},"end":{"line":78,"column":null}},{"start":{"line":64,"column":6},"end":{"line":78,"column":null}}],"line":60},"2":{"loc":{"start":{"line":65,"column":4},"end":{"line":77,"column":null}},"type":"if","locations":[{"start":{"line":65,"column":4},"end":{"line":77,"column":null}},{"start":{},"end":{}}],"line":65},"3":{"loc":{"start":{"line":66,"column":0},"end":{"line":75,"column":null}},"type":"if","locations":[{"start":{"line":66,"column":0},"end":{"line":75,"column":null}},{"start":{"line":73,"column":10},"end":{"line":75,"column":null}}],"line":66},"4":{"loc":{"start":{"line":210,"column":24},"end":{"line":212,"column":null}},"type":"cond-expr","locations":[{"start":{"line":211,"column":28},"end":{"line":211,"column":null}},{"start":{"line":212,"column":28},"end":{"line":212,"column":null}}],"line":210},"5":{"loc":{"start":{"line":233,"column":23},"end":{"line":236,"column":null}},"type":"cond-expr","locations":[{"start":{"line":234,"column":24},"end":{"line":236,"column":25}},{"start":{"line":236,"column":24},"end":{"line":236,"column":null}}],"line":233},"6":{"loc":{"start":{"line":252,"column":19},"end":{"line":254,"column":null}},"type":"cond-expr","locations":[{"start":{"line":253,"column":22},"end":{"line":253,"column":null}},{"start":{"line":254,"column":22},"end":{"line":254,"column":null}}],"line":252},"7":{"loc":{"start":{"line":256,"column":19},"end":{"line":260,"column":null}},"type":"binary-expr","locations":[{"start":{"line":256,"column":19},"end":{"line":256,"column":null}},{"start":{"line":257,"column":20},"end":{"line":260,"column":null}}],"line":256}},"s":{"0":18,"1":18,"2":18,"3":18,"4":18,"5":18,"6":16,"7":18,"8":0,"9":0,"10":0,"11":0,"12":0,"13":0,"14":0,"15":0,"16":0,"17":0,"18":0,"19":0,"20":0,"21":0,"22":0,"23":0,"24":0,"25":0,"26":0,"27":0,"28":18,"29":0},"f":{"0":18,"1":16,"2":0,"3":0},"b":{"0":[0,0],"1":[0,0],"2":[0,0],"3":[0,0],"4":[0,18],"5":[0,18],"6":[0,18],"7":[18,18]},"meta":{"lastBranch":8,"lastFunction":4,"lastStatement":30,"seen":{"f:15:24:15:33":0,"s:16:23:16:Infinity":0,"s:17:7:17:Infinity":1,"s:18:18:18:Infinity":2,"s:19:6:19:Infinity":3,"s:20:15:24:Infinity":4,"s:26:8:33:Infinity":5,"f:26:8:26:Infinity":1,"s:29:4:32:Infinity":6,"s:35:23:89:Infinity":7,"f:35:23:35:Infinity":2,"s:38:4:38:Infinity":8,"s:40:4:40:Infinity":9,"s:42:4:88:Infinity":10,"s:52:6:52:Infinity":11,"s:53:44:54:Infinity":12,"s:56:2:56:Infinity":13,"b:57:2:78:Infinity:60:7:78:Infinity":0,"s:57:2:78:Infinity":14,"s:58:4:58:Infinity":15,"b:60:7:78:Infinity:64:6:78:Infinity":1,"s:60:7:78:Infinity":16,"s:61:4:61:Infinity":17,"s:62:4:62:Infinity":18,"b:65:4:77:Infinity:undefined:undefined:undefined:undefined":2,"s:65:4:77:Infinity":19,"b:66:0:75:Infinity:73:10:75:Infinity":3,"s:66:0:75:Infinity":20,"s:67:2:67:Infinity":21,"s:70:8:70:Infinity":22,"s:71:8:71:Infinity":23,"s:74:8:74:Infinity":24,"s:79:2:79:Infinity":25,"s:85:6:85:Infinity":26,"s:87:6:87:Infinity":27,"s:91:2:277:Infinity":28,"b:211:28:211:Infinity:212:28:212:Infinity":4,"f:225:22:225:Infinity":3,"s:226:24:228:Infinity":29,"b:234:24:236:25:236:24:236:Infinity":5,"b:253:22:253:Infinity:254:22:254:Infinity":6,"b:256:19:256:Infinity:257:20:260:Infinity":7},"fnNames":{}}}
,"C:\\Users\\praja\\Desktop\\LMS\\src\\utils\\Dotenv.ts": {"path":"C:\\Users\\praja\\Desktop\\LMS\\src\\utils\\Dotenv.ts","statementMap":{"0":{"start":{"line":1,"column":23},"end":{"line":1,"column":null}},"1":{"start":{"line":2,"column":25},"end":{"line":2,"column":null}}},"fnMap":{},"branchMap":{},"s":{"0":1,"1":1},"f":{},"b":{},"meta":{"lastBranch":0,"lastFunction":0,"lastStatement":2,"seen":{"s:1:23:1:Infinity":0,"s:2:25:2:Infinity":1},"fnNames":{}}}
,"C:\\Users\\praja\\Desktop\\LMS\\src\\utils\\Just.ts": {"path":"C:\\Users\\praja\\Desktop\\LMS\\src\\utils\\Just.ts","statementMap":{"0":{"start":{"line":2,"column":2},"end":{"line":2,"column":null}},"1":{"start":{"line":5,"column":2},"end":{"line":5,"column":null}}},"fnMap":{"0":{"name":"Ravi","decl":{"start":{"line":1,"column":16},"end":{"line":1,"column":21}},"loc":{"start":{"line":1,"column":32},"end":{"line":3,"column":null}},"line":1},"1":{"name":"Ravi1","decl":{"start":{"line":4,"column":16},"end":{"line":4,"column":22}},"loc":{"start":{"line":4,"column":33},"end":{"line":6,"column":null}},"line":4}},"branchMap":{},"s":{"0":1,"1":1},"f":{"0":1,"1":1},"b":{},"meta":{"lastBranch":0,"lastFunction":2,"lastStatement":2,"seen":{"f:1:16:1:21":0,"s:2:2:2:Infinity":0,"f:4:16:4:22":1,"s:5:2:5:Infinity":1},"fnNames":{}}}
,"C:\\Users\\praja\\Desktop\\LMS\\src\\utils\\supabase.ts": {"path":"C:\\Users\\praja\\Desktop\\LMS\\src\\utils\\supabase.ts","statementMap":{"0":{"start":{"line":3,"column":20},"end":{"line":3,"column":null}},"1":{"start":{"line":4,"column":20},"end":{"line":4,"column":null}},"2":{"start":{"line":6,"column":13},"end":{"line":6,"column":null}}},"fnMap":{},"branchMap":{},"s":{"0":1,"1":1,"2":1},"f":{},"b":{},"meta":{"lastBranch":0,"lastFunction":0,"lastStatement":3,"seen":{"s:3:20:3:Infinity":0,"s:4:20:4:Infinity":1,"s:6:13:6:Infinity":2},"fnNames":{}}}
}
